<?xml version="1.0" encoding="UTF-8"?>
<!-- Generated by org.testng.reporters.JUnitXMLReporter -->
<testsuite hostname="jirayr-desktop" name="Command line test" tests="6" failures="3" timestamp="25 Apr 2016 17:40:46 GMT" time="0.115" errors="0">
  <testcase name="alwaysRun" time="0.018" classname="com.itc7.kaprekar.AppTest">
    <failure type="java.lang.AssertionError" message="-------Incorrect Value!------ expected [9] but found [8]">
      <![CDATA[java.lang.AssertionError: -------Incorrect Value!------ expected [9] but found [8]
	at com.itc7.kaprekar.AppTest.alwaysRun(AppTest.java:58)
	at org.apache.maven.surefire.testng.TestNGExecutor.run(TestNGExecutor.java:70)
	at org.apache.maven.surefire.testng.TestNGDirectoryTestSuite.execute(TestNGDirectoryTestSuite.java:109)
	at org.apache.maven.surefire.testng.TestNGProvider.invoke(TestNGProvider.java:111)
	at org.apache.maven.surefire.util.ReflectionUtils.invokeMethodWithArray(ReflectionUtils.java:164)
	at org.apache.maven.surefire.booter.ProviderFactory$ProviderProxy.invoke(ProviderFactory.java:110)
	at org.apache.maven.surefire.booter.SurefireStarter.invokeProvider(SurefireStarter.java:175)
	at org.apache.maven.surefire.booter.SurefireStarter.runSuitesInProcessWhenForked(SurefireStarter.java:107)
	at org.apache.maven.surefire.booter.ForkedBooter.main(ForkedBooter.java:68)
... Removed 29 stack frames]]>
    </failure>
  </testcase> <!-- alwaysRun -->
  <testcase name="negativeDiffValues" time="0.001" classname="com.itc7.kaprekar.AppTest">
    <failure type="java.lang.AssertionError" message="-------Incorrect Value!------ expected [8] but found [9]">
      <![CDATA[java.lang.AssertionError: -------Incorrect Value!------ expected [8] but found [9]
	at com.itc7.kaprekar.AppTest.negativeDiffValues(AppTest.java:31)
	at org.apache.maven.surefire.testng.TestNGExecutor.run(TestNGExecutor.java:70)
	at org.apache.maven.surefire.testng.TestNGDirectoryTestSuite.execute(TestNGDirectoryTestSuite.java:109)
	at org.apache.maven.surefire.testng.TestNGProvider.invoke(TestNGProvider.java:111)
	at org.apache.maven.surefire.util.ReflectionUtils.invokeMethodWithArray(ReflectionUtils.java:164)
	at org.apache.maven.surefire.booter.ProviderFactory$ProviderProxy.invoke(ProviderFactory.java:110)
	at org.apache.maven.surefire.booter.SurefireStarter.invokeProvider(SurefireStarter.java:175)
	at org.apache.maven.surefire.booter.SurefireStarter.runSuitesInProcessWhenForked(SurefireStarter.java:107)
	at org.apache.maven.surefire.booter.ForkedBooter.main(ForkedBooter.java:68)
... Removed 29 stack frames]]>
    </failure>
  </testcase> <!-- negativeDiffValues -->
  <testcase name="negativeSub" time="0.001" classname="com.itc7.kaprekar.AppTest">
    <failure type="java.lang.AssertionError" message="-------Incorrect Value!------ expected [3] but found [2]">
      <![CDATA[java.lang.AssertionError: -------Incorrect Value!------ expected [3] but found [2]
	at com.itc7.kaprekar.AppTest.negativeSub(AppTest.java:38)
	at org.apache.maven.surefire.testng.TestNGExecutor.run(TestNGExecutor.java:70)
	at org.apache.maven.surefire.testng.TestNGDirectoryTestSuite.execute(TestNGDirectoryTestSuite.java:109)
	at org.apache.maven.surefire.testng.TestNGProvider.invoke(TestNGProvider.java:111)
	at org.apache.maven.surefire.util.ReflectionUtils.invokeMethodWithArray(ReflectionUtils.java:164)
	at org.apache.maven.surefire.booter.ProviderFactory$ProviderProxy.invoke(ProviderFactory.java:110)
	at org.apache.maven.surefire.booter.SurefireStarter.invokeProvider(SurefireStarter.java:175)
	at org.apache.maven.surefire.booter.SurefireStarter.runSuitesInProcessWhenForked(SurefireStarter.java:107)
	at org.apache.maven.surefire.booter.ForkedBooter.main(ForkedBooter.java:68)
... Removed 29 stack frames]]>
    </failure>
  </testcase> <!-- negativeSub -->
  <testcase name="positiveDiffValues" time="0.003" classname="com.itc7.kaprekar.AppTest"/>
  <testcase name="positiveSub" time="0.01" classname="com.itc7.kaprekar.AppTest"/>
  <testcase name="dependsOnSub" time="0.001" classname="com.itc7.kaprekar.AppTest"/>
</testsuite> <!-- Command line test -->
