<?xml version="1.0" encoding="UTF-8"?>
<testng-results skipped="0" failed="3" total="6" passed="3">
  <reporter-output>
  </reporter-output>
  <suite name="com.itc7.kaprekar.AppTest" duration-ms="115" started-at="2016-04-25T17:40:46Z" finished-at="2016-04-25T17:40:46Z">
    <groups>
      <group name="negative">
        <method signature="AppTest.negativeDiffValues()[pri:0, instance:com.itc7.kaprekar.AppTest@7e0babb1]" name="negativeDiffValues" class="com.itc7.kaprekar.AppTest"/>
        <method signature="AppTest.negativeSub()[pri:0, instance:com.itc7.kaprekar.AppTest@7e0babb1]" name="negativeSub" class="com.itc7.kaprekar.AppTest"/>
      </group> <!-- negative -->
      <group name="positive">
        <method signature="AppTest.positiveDiffValues()[pri:0, instance:com.itc7.kaprekar.AppTest@7e0babb1]" name="positiveDiffValues" class="com.itc7.kaprekar.AppTest"/>
        <method signature="AppTest.positiveSub()[pri:0, instance:com.itc7.kaprekar.AppTest@7e0babb1]" name="positiveSub" class="com.itc7.kaprekar.AppTest"/>
      </group> <!-- positive -->
    </groups>
    <test name="Command line test" duration-ms="115" started-at="2016-04-25T17:40:46Z" finished-at="2016-04-25T17:40:46Z">
      <class name="com.itc7.kaprekar.AppTest">
        <test-method status="PASS" signature="beforeSuite()[pri:0, instance:com.itc7.kaprekar.AppTest@7e0babb1]" name="beforeSuite" is-config="true" duration-ms="24" started-at="2016-04-25T21:40:46Z" finished-at="2016-04-25T21:40:46Z">
          <reporter-output>
          </reporter-output>
        </test-method> <!-- beforeSuite -->
        <test-method status="PASS" signature="beforeTest()[pri:0, instance:com.itc7.kaprekar.AppTest@7e0babb1]" name="beforeTest" is-config="true" duration-ms="0" started-at="2016-04-25T21:40:46Z" finished-at="2016-04-25T21:40:46Z">
          <reporter-output>
          </reporter-output>
        </test-method> <!-- beforeTest -->
        <test-method status="PASS" signature="beforeClass()[pri:0, instance:com.itc7.kaprekar.AppTest@7e0babb1]" name="beforeClass" is-config="true" duration-ms="1" started-at="2016-04-25T21:40:46Z" finished-at="2016-04-25T21:40:46Z">
          <reporter-output>
          </reporter-output>
        </test-method> <!-- beforeClass -->
        <test-method status="FAIL" signature="alwaysRun()[pri:0, instance:com.itc7.kaprekar.AppTest@7e0babb1]" name="alwaysRun" duration-ms="18" started-at="2016-04-25T21:40:46Z" finished-at="2016-04-25T21:40:46Z">
          <exception class="java.lang.AssertionError">
            <message>
              <![CDATA[-------Incorrect Value!------ expected [9] but found [8]]]>
            </message>
            <full-stacktrace>
              <![CDATA[java.lang.AssertionError: -------Incorrect Value!------ expected [9] but found [8]
	at org.testng.Assert.fail(Assert.java:94)
	at org.testng.Assert.failNotEquals(Assert.java:494)
	at org.testng.Assert.assertEquals(Assert.java:123)
	at org.testng.Assert.assertEquals(Assert.java:370)
	at com.itc7.kaprekar.AppTest.alwaysRun(AppTest.java:58)
	at sun.reflect.NativeMethodAccessorImpl.invoke0(Native Method)
	at sun.reflect.NativeMethodAccessorImpl.invoke(NativeMethodAccessorImpl.java:62)
	at sun.reflect.DelegatingMethodAccessorImpl.invoke(DelegatingMethodAccessorImpl.java:43)
	at java.lang.reflect.Method.invoke(Method.java:498)
	at org.testng.internal.MethodInvocationHelper.invokeMethod(MethodInvocationHelper.java:80)
	at org.testng.internal.Invoker.invokeMethod(Invoker.java:714)
	at org.testng.internal.Invoker.invokeTestMethod(Invoker.java:901)
	at org.testng.internal.Invoker.invokeTestMethods(Invoker.java:1231)
	at org.testng.internal.TestMethodWorker.invokeTestMethods(TestMethodWorker.java:127)
	at org.testng.internal.TestMethodWorker.run(TestMethodWorker.java:111)
	at org.testng.TestRunner.privateRun(TestRunner.java:767)
	at org.testng.TestRunner.run(TestRunner.java:617)
	at org.testng.SuiteRunner.runTest(SuiteRunner.java:334)
	at org.testng.SuiteRunner.runSequentially(SuiteRunner.java:329)
	at org.testng.SuiteRunner.privateRun(SuiteRunner.java:291)
	at org.testng.SuiteRunner.run(SuiteRunner.java:240)
	at org.testng.SuiteRunnerWorker.runSuite(SuiteRunnerWorker.java:52)
	at org.testng.SuiteRunnerWorker.run(SuiteRunnerWorker.java:86)
	at org.testng.TestNG.runSuitesSequentially(TestNG.java:1198)
	at org.testng.TestNG.runSuitesLocally(TestNG.java:1123)
	at org.testng.TestNG.run(TestNG.java:1031)
	at org.apache.maven.surefire.testng.TestNGExecutor.run(TestNGExecutor.java:70)
	at org.apache.maven.surefire.testng.TestNGDirectoryTestSuite.execute(TestNGDirectoryTestSuite.java:109)
	at org.apache.maven.surefire.testng.TestNGProvider.invoke(TestNGProvider.java:111)
	at sun.reflect.NativeMethodAccessorImpl.invoke0(Native Method)
	at sun.reflect.NativeMethodAccessorImpl.invoke(NativeMethodAccessorImpl.java:62)
	at sun.reflect.DelegatingMethodAccessorImpl.invoke(DelegatingMethodAccessorImpl.java:43)
	at java.lang.reflect.Method.invoke(Method.java:498)
	at org.apache.maven.surefire.util.ReflectionUtils.invokeMethodWithArray(ReflectionUtils.java:164)
	at org.apache.maven.surefire.booter.ProviderFactory$ProviderProxy.invoke(ProviderFactory.java:110)
	at org.apache.maven.surefire.booter.SurefireStarter.invokeProvider(SurefireStarter.java:175)
	at org.apache.maven.surefire.booter.SurefireStarter.runSuitesInProcessWhenForked(SurefireStarter.java:107)
	at org.apache.maven.surefire.booter.ForkedBooter.main(ForkedBooter.java:68)
]]>
            </full-stacktrace>
          </exception> <!-- java.lang.AssertionError -->
          <reporter-output>
          </reporter-output>
        </test-method> <!-- alwaysRun -->
        <test-method status="FAIL" signature="negativeDiffValues()[pri:0, instance:com.itc7.kaprekar.AppTest@7e0babb1]" name="negativeDiffValues" duration-ms="1" started-at="2016-04-25T21:40:46Z" finished-at="2016-04-25T21:40:46Z">
          <exception class="java.lang.AssertionError">
            <message>
              <![CDATA[-------Incorrect Value!------ expected [8] but found [9]]]>
            </message>
            <full-stacktrace>
              <![CDATA[java.lang.AssertionError: -------Incorrect Value!------ expected [8] but found [9]
	at org.testng.Assert.fail(Assert.java:94)
	at org.testng.Assert.failNotEquals(Assert.java:494)
	at org.testng.Assert.assertEquals(Assert.java:123)
	at org.testng.Assert.assertEquals(Assert.java:370)
	at com.itc7.kaprekar.AppTest.negativeDiffValues(AppTest.java:31)
	at sun.reflect.NativeMethodAccessorImpl.invoke0(Native Method)
	at sun.reflect.NativeMethodAccessorImpl.invoke(NativeMethodAccessorImpl.java:62)
	at sun.reflect.DelegatingMethodAccessorImpl.invoke(DelegatingMethodAccessorImpl.java:43)
	at java.lang.reflect.Method.invoke(Method.java:498)
	at org.testng.internal.MethodInvocationHelper.invokeMethod(MethodInvocationHelper.java:80)
	at org.testng.internal.Invoker.invokeMethod(Invoker.java:714)
	at org.testng.internal.Invoker.invokeTestMethod(Invoker.java:901)
	at org.testng.internal.Invoker.invokeTestMethods(Invoker.java:1231)
	at org.testng.internal.TestMethodWorker.invokeTestMethods(TestMethodWorker.java:127)
	at org.testng.internal.TestMethodWorker.run(TestMethodWorker.java:111)
	at org.testng.TestRunner.privateRun(TestRunner.java:767)
	at org.testng.TestRunner.run(TestRunner.java:617)
	at org.testng.SuiteRunner.runTest(SuiteRunner.java:334)
	at org.testng.SuiteRunner.runSequentially(SuiteRunner.java:329)
	at org.testng.SuiteRunner.privateRun(SuiteRunner.java:291)
	at org.testng.SuiteRunner.run(SuiteRunner.java:240)
	at org.testng.SuiteRunnerWorker.runSuite(SuiteRunnerWorker.java:52)
	at org.testng.SuiteRunnerWorker.run(SuiteRunnerWorker.java:86)
	at org.testng.TestNG.runSuitesSequentially(TestNG.java:1198)
	at org.testng.TestNG.runSuitesLocally(TestNG.java:1123)
	at org.testng.TestNG.run(TestNG.java:1031)
	at org.apache.maven.surefire.testng.TestNGExecutor.run(TestNGExecutor.java:70)
	at org.apache.maven.surefire.testng.TestNGDirectoryTestSuite.execute(TestNGDirectoryTestSuite.java:109)
	at org.apache.maven.surefire.testng.TestNGProvider.invoke(TestNGProvider.java:111)
	at sun.reflect.NativeMethodAccessorImpl.invoke0(Native Method)
	at sun.reflect.NativeMethodAccessorImpl.invoke(NativeMethodAccessorImpl.java:62)
	at sun.reflect.DelegatingMethodAccessorImpl.invoke(DelegatingMethodAccessorImpl.java:43)
	at java.lang.reflect.Method.invoke(Method.java:498)
	at org.apache.maven.surefire.util.ReflectionUtils.invokeMethodWithArray(ReflectionUtils.java:164)
	at org.apache.maven.surefire.booter.ProviderFactory$ProviderProxy.invoke(ProviderFactory.java:110)
	at org.apache.maven.surefire.booter.SurefireStarter.invokeProvider(SurefireStarter.java:175)
	at org.apache.maven.surefire.booter.SurefireStarter.runSuitesInProcessWhenForked(SurefireStarter.java:107)
	at org.apache.maven.surefire.booter.ForkedBooter.main(ForkedBooter.java:68)
]]>
            </full-stacktrace>
          </exception> <!-- java.lang.AssertionError -->
          <reporter-output>
          </reporter-output>
        </test-method> <!-- negativeDiffValues -->
        <test-method status="FAIL" signature="negativeSub()[pri:0, instance:com.itc7.kaprekar.AppTest@7e0babb1]" name="negativeSub" duration-ms="1" started-at="2016-04-25T21:40:46Z" finished-at="2016-04-25T21:40:46Z">
          <exception class="java.lang.AssertionError">
            <message>
              <![CDATA[-------Incorrect Value!------ expected [3] but found [2]]]>
            </message>
            <full-stacktrace>
              <![CDATA[java.lang.AssertionError: -------Incorrect Value!------ expected [3] but found [2]
	at org.testng.Assert.fail(Assert.java:94)
	at org.testng.Assert.failNotEquals(Assert.java:494)
	at org.testng.Assert.assertEquals(Assert.java:123)
	at org.testng.Assert.assertEquals(Assert.java:370)
	at com.itc7.kaprekar.AppTest.negativeSub(AppTest.java:38)
	at sun.reflect.NativeMethodAccessorImpl.invoke0(Native Method)
	at sun.reflect.NativeMethodAccessorImpl.invoke(NativeMethodAccessorImpl.java:62)
	at sun.reflect.DelegatingMethodAccessorImpl.invoke(DelegatingMethodAccessorImpl.java:43)
	at java.lang.reflect.Method.invoke(Method.java:498)
	at org.testng.internal.MethodInvocationHelper.invokeMethod(MethodInvocationHelper.java:80)
	at org.testng.internal.Invoker.invokeMethod(Invoker.java:714)
	at org.testng.internal.Invoker.invokeTestMethod(Invoker.java:901)
	at org.testng.internal.Invoker.invokeTestMethods(Invoker.java:1231)
	at org.testng.internal.TestMethodWorker.invokeTestMethods(TestMethodWorker.java:127)
	at org.testng.internal.TestMethodWorker.run(TestMethodWorker.java:111)
	at org.testng.TestRunner.privateRun(TestRunner.java:767)
	at org.testng.TestRunner.run(TestRunner.java:617)
	at org.testng.SuiteRunner.runTest(SuiteRunner.java:334)
	at org.testng.SuiteRunner.runSequentially(SuiteRunner.java:329)
	at org.testng.SuiteRunner.privateRun(SuiteRunner.java:291)
	at org.testng.SuiteRunner.run(SuiteRunner.java:240)
	at org.testng.SuiteRunnerWorker.runSuite(SuiteRunnerWorker.java:52)
	at org.testng.SuiteRunnerWorker.run(SuiteRunnerWorker.java:86)
	at org.testng.TestNG.runSuitesSequentially(TestNG.java:1198)
	at org.testng.TestNG.runSuitesLocally(TestNG.java:1123)
	at org.testng.TestNG.run(TestNG.java:1031)
	at org.apache.maven.surefire.testng.TestNGExecutor.run(TestNGExecutor.java:70)
	at org.apache.maven.surefire.testng.TestNGDirectoryTestSuite.execute(TestNGDirectoryTestSuite.java:109)
	at org.apache.maven.surefire.testng.TestNGProvider.invoke(TestNGProvider.java:111)
	at sun.reflect.NativeMethodAccessorImpl.invoke0(Native Method)
	at sun.reflect.NativeMethodAccessorImpl.invoke(NativeMethodAccessorImpl.java:62)
	at sun.reflect.DelegatingMethodAccessorImpl.invoke(DelegatingMethodAccessorImpl.java:43)
	at java.lang.reflect.Method.invoke(Method.java:498)
	at org.apache.maven.surefire.util.ReflectionUtils.invokeMethodWithArray(ReflectionUtils.java:164)
	at org.apache.maven.surefire.booter.ProviderFactory$ProviderProxy.invoke(ProviderFactory.java:110)
	at org.apache.maven.surefire.booter.SurefireStarter.invokeProvider(SurefireStarter.java:175)
	at org.apache.maven.surefire.booter.SurefireStarter.runSuitesInProcessWhenForked(SurefireStarter.java:107)
	at org.apache.maven.surefire.booter.ForkedBooter.main(ForkedBooter.java:68)
]]>
            </full-stacktrace>
          </exception> <!-- java.lang.AssertionError -->
          <reporter-output>
          </reporter-output>
        </test-method> <!-- negativeSub -->
        <test-method status="PASS" signature="positiveDiffValues()[pri:0, instance:com.itc7.kaprekar.AppTest@7e0babb1]" name="positiveDiffValues" duration-ms="3" started-at="2016-04-25T21:40:46Z" finished-at="2016-04-25T21:40:46Z">
          <reporter-output>
          </reporter-output>
        </test-method> <!-- positiveDiffValues -->
        <test-method status="PASS" signature="positiveSub()[pri:0, instance:com.itc7.kaprekar.AppTest@7e0babb1]" name="positiveSub" duration-ms="10" started-at="2016-04-25T21:40:46Z" finished-at="2016-04-25T21:40:46Z">
          <reporter-output>
          </reporter-output>
        </test-method> <!-- positiveSub -->
        <test-method status="PASS" signature="dependsOnSub()[pri:0, instance:com.itc7.kaprekar.AppTest@7e0babb1]" name="dependsOnSub" duration-ms="1" started-at="2016-04-25T21:40:46Z" depends-on-methods="com.itc7.kaprekar.AppTest.positiveSub" finished-at="2016-04-25T21:40:46Z">
          <reporter-output>
          </reporter-output>
        </test-method> <!-- dependsOnSub -->
        <test-method status="PASS" signature="afterClass()[pri:0, instance:com.itc7.kaprekar.AppTest@7e0babb1]" name="afterClass" is-config="true" duration-ms="5" started-at="2016-04-25T21:40:46Z" finished-at="2016-04-25T21:40:46Z">
          <reporter-output>
          </reporter-output>
        </test-method> <!-- afterClass -->
        <test-method status="PASS" signature="afterTest()[pri:0, instance:com.itc7.kaprekar.AppTest@7e0babb1]" name="afterTest" is-config="true" duration-ms="10" started-at="2016-04-25T21:40:46Z" finished-at="2016-04-25T21:40:46Z">
          <reporter-output>
          </reporter-output>
        </test-method> <!-- afterTest -->
        <test-method status="PASS" signature="afterSuite()[pri:0, instance:com.itc7.kaprekar.AppTest@7e0babb1]" name="afterSuite" is-config="true" duration-ms="1" started-at="2016-04-25T21:40:46Z" finished-at="2016-04-25T21:40:46Z">
          <reporter-output>
          </reporter-output>
        </test-method> <!-- afterSuite -->
      </class> <!-- com.itc7.kaprekar.AppTest -->
    </test> <!-- Command line test -->
  </suite> <!-- com.itc7.kaprekar.AppTest -->
</testng-results>
