<?xml version="1.0" encoding="UTF-8"?>
<!-- Generated by org.testng.reporters.JUnitXMLReporter -->
<testsuite hostname="student-NFORCE6M-A2" name="Command line test" tests="1" failures="1" timestamp="25 Apr 2016 13:00:21 GMT" time="0.037" errors="0">
  <testcase name="fastTest" time="0.012" classname="com.itc7.kaprekar.AppTest">
    <failure type="java.lang.AssertionError" message="Incorrect return value! expected [1208] but found [1204]">
      <![CDATA[java.lang.AssertionError: Incorrect return value! expected [1208] but found [1204]
	at com.itc7.kaprekar.AppTest.fastTest(AppTest.java:31)
	at org.apache.maven.surefire.testng.TestNGExecutor.run(TestNGExecutor.java:70)
	at org.apache.maven.surefire.testng.TestNGDirectoryTestSuite.execute(TestNGDirectoryTestSuite.java:109)
	at org.apache.maven.surefire.testng.TestNGProvider.invoke(TestNGProvider.java:111)
	at org.apache.maven.surefire.util.ReflectionUtils.invokeMethodWithArray(ReflectionUtils.java:164)
	at org.apache.maven.surefire.booter.ProviderFactory$ProviderProxy.invoke(ProviderFactory.java:110)
	at org.apache.maven.surefire.booter.SurefireStarter.invokeProvider(SurefireStarter.java:175)
	at org.apache.maven.surefire.booter.SurefireStarter.runSuitesInProcessWhenForked(SurefireStarter.java:107)
	at org.apache.maven.surefire.booter.ForkedBooter.main(ForkedBooter.java:68)
... Removed 29 stack frames]]>
    </failure>
  </testcase> <!-- fastTest -->
</testsuite> <!-- Command line test -->
